04-12-2019 14:04:04.534 [main] INFO  o.b.BibliothequeApplication.logStarting - Starting BibliothequeApplication on DESKTOP-6UCL7NI with PID 15132 (started by CELIM in F:\PARCOURS DÉVELOPPEUR D'APPLICATION JAVA\PROJET 10 - AMELIOREZ LE SYSTEME D’INFORMATION DE LA BIBLIOTHEQUE\SI-GESTION-DES-BIBLIOTHEQUES-V2\oc-bibliotheque-webapplication)
04-12-2019 14:04:04.541 [main] INFO  o.b.BibliothequeApplication.logStartupProfileInfo - The following profiles are active: dev
04-12-2019 14:04:05.649 [main] INFO  o.s.c.s.PostProcessorRegistrationDelegate$BeanPostProcessorChecker.postProcessAfterInitialization - Bean 'org.springframework.ws.config.annotation.DelegatingWsConfiguration' of type [org.springframework.ws.config.annotation.DelegatingWsConfiguration$$EnhancerBySpringCGLIB$$4543af8] is not eligible for getting processed by all BeanPostProcessors (for example: not eligible for auto-proxying)
04-12-2019 14:04:05.673 [main] INFO  o.s.w.s.a.s.AnnotationActionEndpointMapping.afterPropertiesSet - Supporting [WS-Addressing August 2004, WS-Addressing 1.0]
04-12-2019 14:04:05.903 [main] INFO  o.s.b.w.e.tomcat.TomcatWebServer.initialize - Tomcat initialized with port(s): 8080 (http)
04-12-2019 14:04:05.926 [main] INFO  o.a.catalina.core.StandardService.log - Starting service [Tomcat]
04-12-2019 14:04:05.926 [main] INFO  o.a.catalina.core.StandardEngine.log - Starting Servlet engine: [Apache Tomcat/9.0.17]
04-12-2019 14:04:06.006 [main] INFO  o.a.c.c.C.[Tomcat].[localhost].[/].log - Initializing Spring embedded WebApplicationContext
04-12-2019 14:04:06.006 [main] INFO  o.s.web.context.ContextLoader.prepareWebApplicationContext - Root WebApplicationContext: initialization completed in 998 ms
04-12-2019 14:04:06.200 [main] INFO  o.s.w.s.saaj.SaajSoapMessageFactory.afterPropertiesSet - Creating SAAJ 1.3 MessageFactory with SOAP 1.1 Protocol
04-12-2019 14:04:06.333 [main] INFO  o.s.w.s.saaj.SaajSoapMessageFactory.afterPropertiesSet - Creating SAAJ 1.3 MessageFactory with SOAP 1.1 Protocol
04-12-2019 14:04:06.417 [main] INFO  o.s.w.s.saaj.SaajSoapMessageFactory.afterPropertiesSet - Creating SAAJ 1.3 MessageFactory with SOAP 1.1 Protocol
04-12-2019 14:04:06.419 [main] INFO  o.s.w.s.saaj.SaajSoapMessageFactory.afterPropertiesSet - Creating SAAJ 1.3 MessageFactory with SOAP 1.1 Protocol
04-12-2019 14:04:06.424 [main] INFO  o.s.w.s.saaj.SaajSoapMessageFactory.afterPropertiesSet - Creating SAAJ 1.3 MessageFactory with SOAP 1.1 Protocol
04-12-2019 14:04:06.428 [main] INFO  o.s.w.s.saaj.SaajSoapMessageFactory.afterPropertiesSet - Creating SAAJ 1.3 MessageFactory with SOAP 1.1 Protocol
04-12-2019 14:04:06.467 [main] INFO  o.s.w.s.saaj.SaajSoapMessageFactory.afterPropertiesSet - Creating SAAJ 1.3 MessageFactory with SOAP 1.1 Protocol
04-12-2019 14:04:06.566 [main] INFO  o.s.s.web.DefaultSecurityFilterChain.<init> - Creating filter chain: any request, [org.springframework.security.web.context.request.async.WebAsyncManagerIntegrationFilter@23811a09, org.springframework.security.web.context.SecurityContextPersistenceFilter@5136207f, org.springframework.security.web.header.HeaderWriterFilter@7e2f86e6, org.springframework.security.web.authentication.logout.LogoutFilter@3f29e26, org.springframework.security.web.authentication.UsernamePasswordAuthenticationFilter@bc0f53b, org.springframework.security.web.savedrequest.RequestCacheAwareFilter@3fdecce, org.springframework.security.web.servletapi.SecurityContextHolderAwareRequestFilter@59496961, org.springframework.security.web.authentication.AnonymousAuthenticationFilter@2125ad3, org.springframework.security.web.session.SessionManagementFilter@17b64941, org.springframework.security.web.access.ExceptionTranslationFilter@4992613f, org.springframework.security.web.access.intercept.FilterSecurityInterceptor@3f4b840d]
04-12-2019 14:04:06.665 [main] INFO  o.s.s.c.ThreadPoolTaskExecutor.initialize - Initializing ExecutorService 'applicationTaskExecutor'
04-12-2019 14:04:07.167 [main] INFO  o.s.b.w.e.tomcat.TomcatWebServer.start - Tomcat started on port(s): 8080 (http) with context path ''
04-12-2019 14:04:07.171 [main] INFO  o.b.BibliothequeApplication.logStarted - Started BibliothequeApplication in 3.25 seconds (JVM running for 4.506)
04-12-2019 14:04:09.241 [http-nio-8080-exec-1] INFO  o.a.c.c.C.[Tomcat].[localhost].[/].log - Initializing Spring DispatcherServlet 'dispatcherServlet'
04-12-2019 14:04:09.242 [http-nio-8080-exec-1] INFO  o.s.web.servlet.DispatcherServlet.initServletBean - Initializing Servlet 'dispatcherServlet'
04-12-2019 14:04:09.250 [http-nio-8080-exec-1] INFO  o.s.web.servlet.DispatcherServlet.initServletBean - Completed initialization in 8 ms
04-12-2019 14:04:10.241 [http-nio-8080-exec-1] WARN  n.n.u.t.e.ExpressionProcessor.defaultCall - Fragment expression "layout" is being wrapped as a Thymeleaf 3 fragment expression (~{...}) for backwards compatibility purposes.  This wrapping will be dropped in the next major version of the expression processor, so please rewrite as a Thymeleaf 3 fragment expression to future-proof your code.  See https://github.com/thymeleaf/thymeleaf/issues/451 for more information.
04-12-2019 14:04:11.587 [http-nio-8080-exec-7] WARN  n.n.u.t.d.DecoratorProcessor.defaultCall - The layout:decorator/data-layout-decorator processor has been deprecated and will be removed in the next major version of the layout dialect.  Please use layout:decorate/data-layout-decorate instead to future-proof your code.  See https://github.com/ultraq/thymeleaf-layout-dialect/issues/95 for more information.
